2017-11-10 14:18:40 --> 运行MyBatis-CMEU...
---------------------->  at pers.Main.main(Main.java:38) 
 
2017-11-10 14:18:41 --> 初始化首页...
---------------------->  at pers.cmeu.controller.IndexController.initialize(IndexController.java:169) 
 
2017-11-10 14:18:41 --> 初始化首页成功!
---------------------->  at pers.cmeu.controller.IndexController.initialize(IndexController.java:194) 
 
2017-11-10 14:18:41 --> 加载左侧数据库树与事件....
---------------------->  at pers.cmeu.controller.IndexController.initialize(IndexController.java:195) 
 
2017-11-10 14:18:41 --> 加载所有数据库到左侧树集成功!
---------------------->  at pers.cmeu.controller.IndexController.initialize(IndexController.java:324) 
 
2017-11-10 14:18:41 --> 执行查询默认配置信息并加载到首页...
---------------------->  at pers.cmeu.controller.IndexController.initialize(IndexController.java:331) 
 
2017-11-10 14:18:41 --> 加载配置信息到首页成功!
---------------------->  at pers.cmeu.controller.IndexController.initialize(IndexController.java:333) 
 
2017-11-10 14:18:47 --> 加载所有表....
---------------------->  at pers.cmeu.controller.IndexController.lambda$3(IndexController.java:277) 
 
2017-11-10 14:18:47 --> 加载所有表成功!
---------------------->  at pers.cmeu.controller.IndexController.lambda$3(IndexController.java:295) 
 
2017-11-10 14:18:53 --> 将表的数据加载到数据面板...
---------------------->  at pers.cmeu.controller.IndexController.lambda$3(IndexController.java:304) 
 
2017-11-10 14:18:53 --> 将表的数据加载到数据面板成功!
---------------------->  at pers.cmeu.controller.IndexController.lambda$3(IndexController.java:314) 
 
2017-11-10 14:19:15 --> 关闭MyBatis-CMEU!!!
---------------------->  at pers.Main.main(Main.java:40) 
 
2017-11-10 14:20:56 --> 运行MyBatis-CMEU...
---------------------->  at pers.Main.main(Main.java:38) 
 
2017-11-10 14:20:56 --> 初始化首页...
---------------------->  at pers.cmeu.controller.IndexController.initialize(IndexController.java:169) 
 
2017-11-10 14:20:56 --> 初始化首页成功!
---------------------->  at pers.cmeu.controller.IndexController.initialize(IndexController.java:194) 
 
2017-11-10 14:20:56 --> 加载左侧数据库树与事件....
---------------------->  at pers.cmeu.controller.IndexController.initialize(IndexController.java:195) 
 
2017-11-10 14:20:57 --> 加载所有数据库到左侧树集成功!
---------------------->  at pers.cmeu.controller.IndexController.initialize(IndexController.java:324) 
 
2017-11-10 14:20:57 --> 执行查询默认配置信息并加载到首页...
---------------------->  at pers.cmeu.controller.IndexController.initialize(IndexController.java:331) 
 
2017-11-10 14:20:57 --> 加载配置信息到首页成功!
---------------------->  at pers.cmeu.controller.IndexController.initialize(IndexController.java:333) 
 
2017-11-10 14:21:02 --> 关闭MyBatis-CMEU!!!
---------------------->  at pers.Main.main(Main.java:40) 
 
2017-11-10 14:21:40 --> 运行MyBatis-CMEU...
---------------------->  at pers.Main.main(Main.java:38) 
 
2017-11-10 14:21:40 --> 初始化首页...
---------------------->  at pers.cmeu.controller.IndexController.initialize(IndexController.java:169) 
 
2017-11-10 14:21:40 --> 初始化首页成功!
---------------------->  at pers.cmeu.controller.IndexController.initialize(IndexController.java:194) 
 
2017-11-10 14:21:40 --> 加载左侧数据库树与事件....
---------------------->  at pers.cmeu.controller.IndexController.initialize(IndexController.java:195) 
 
2017-11-10 14:21:41 --> 加载所有数据库到左侧树集成功!
---------------------->  at pers.cmeu.controller.IndexController.initialize(IndexController.java:324) 
 
2017-11-10 14:21:41 --> 执行查询默认配置信息并加载到首页...
---------------------->  at pers.cmeu.controller.IndexController.initialize(IndexController.java:331) 
 
2017-11-10 14:21:41 --> 加载配置信息到首页成功!
---------------------->  at pers.cmeu.controller.IndexController.initialize(IndexController.java:333) 
 
2017-11-10 14:21:52 --> 关闭MyBatis-CMEU!!!
---------------------->  at pers.Main.main(Main.java:40) 
 
2017-11-10 14:23:13 --> 运行MyBatis-CMEU...
---------------------->  at pers.Main.main(Main.java:38) 
 
2017-11-10 14:23:13 --> 初始化首页...
---------------------->  at pers.cmeu.controller.IndexController.initialize(IndexController.java:169) 
 
2017-11-10 14:23:13 --> 初始化首页成功!
---------------------->  at pers.cmeu.controller.IndexController.initialize(IndexController.java:194) 
 
2017-11-10 14:23:13 --> 加载左侧数据库树与事件....
---------------------->  at pers.cmeu.controller.IndexController.initialize(IndexController.java:195) 
 
2017-11-10 14:23:13 --> 加载所有数据库到左侧树集成功!
---------------------->  at pers.cmeu.controller.IndexController.initialize(IndexController.java:324) 
 
2017-11-10 14:23:13 --> 执行查询默认配置信息并加载到首页...
---------------------->  at pers.cmeu.controller.IndexController.initialize(IndexController.java:331) 
 
2017-11-10 14:23:13 --> 加载配置信息到首页成功!
---------------------->  at pers.cmeu.controller.IndexController.initialize(IndexController.java:333) 
 
2017-11-10 14:23:38 --> 选择文件项目目录:D:\workspace\spring-mvc-study\src\main\java
---------------------->  at pers.cmeu.controller.IndexController.selectFile(IndexController.java:373) 
 
2017-11-10 14:23:46 --> 加载所有表....
---------------------->  at pers.cmeu.controller.IndexController.lambda$3(IndexController.java:277) 
 
2017-11-10 14:23:47 --> 加载所有表成功!
---------------------->  at pers.cmeu.controller.IndexController.lambda$3(IndexController.java:295) 
 
2017-11-10 14:23:49 --> 将表的数据加载到数据面板...
---------------------->  at pers.cmeu.controller.IndexController.lambda$3(IndexController.java:304) 
 
2017-11-10 14:23:49 --> 将表的数据加载到数据面板成功!
---------------------->  at pers.cmeu.controller.IndexController.lambda$3(IndexController.java:314) 
 
2017-11-10 14:24:07 --> 准备开始执行创建所有文件...
---------------------->  at pers.cmeu.controller.IndexController.runCreate(IndexController.java:468) 
 
2017-11-10 14:24:07 --> 获取表的主键...
---------------------->  at pers.cmeu.controller.IndexController.runCreate(IndexController.java:483) 
 
2017-11-10 14:24:07 --> 获取表的所有列...
---------------------->  at pers.cmeu.controller.IndexController.runCreate(IndexController.java:491) 
 
2017-11-10 14:24:07 --> 初始化创建工具...
---------------------->  at pers.cmeu.controller.IndexController.runCreate(IndexController.java:516) 
 
2017-11-10 14:24:07 --> 开始执行创建所有文件...
---------------------->  at pers.cmeu.controller.IndexController.runCreate(IndexController.java:542) 
 
2017-11-10 14:24:07 --> 执行创建实体类包!
---------------------->  at pers.cmeu.common.CreateFileUtil.createAll(CreateFileUtil.java:130) 
 
2017-11-10 14:24:07 --> 执行创建dao接口包!
---------------------->  at pers.cmeu.common.CreateFileUtil.createAll(CreateFileUtil.java:137) 
 
2017-11-10 14:24:07 --> 执行创建Service包!
---------------------->  at pers.cmeu.common.CreateFileUtil.createServiceDir(CreateFileUtil.java:348) 
 
2017-11-10 14:24:07 --> 执行创建ServiceImpl包!
---------------------->  at pers.cmeu.common.CreateFileUtil.createServiceDir(CreateFileUtil.java:354) 
 
2017-11-10 14:24:07 --> 执行获得表主键列对应的java数据类型...
---------------------->  at pers.cmeu.common.CreateFileUtil.createAll(CreateFileUtil.java:161) 
 
2017-11-10 14:24:07 --> 获得表主键列对应的java数据类型成功!
---------------------->  at pers.cmeu.common.CreateFileUtil.createAll(CreateFileUtil.java:163) 
 
2017-11-10 14:24:07 --> 执行生成实体类...
---------------------->  at pers.cmeu.common.CreateFileUtil.createAll(CreateFileUtil.java:174) 
 
2017-11-10 14:24:07 --> 生成实体类成功!
---------------------->  at pers.cmeu.common.CreateFileUtil.createAll(CreateFileUtil.java:196) 
 
2017-11-10 14:24:07 --> 执行生成dao
---------------------->  at pers.cmeu.common.CreateFileUtil.createAll(CreateFileUtil.java:200) 
 
2017-11-10 14:24:07 --> 生成dao成功!
---------------------->  at pers.cmeu.common.CreateFileUtil.createAll(CreateFileUtil.java:216) 
 
2017-11-10 14:24:07 --> 执行生成Mapper...
---------------------->  at pers.cmeu.common.CreateFileUtil.createAll(CreateFileUtil.java:220) 
 
2017-11-10 14:24:07 --> 生成Mapper成功!
---------------------->  at pers.cmeu.common.CreateFileUtil.createAll(CreateFileUtil.java:231) 
 
2017-11-10 14:24:07 --> 执行生成service...
---------------------->  at pers.cmeu.common.CreateFileUtil.createAll(CreateFileUtil.java:242) 
 
2017-11-10 14:24:07 --> 生成service成功!
---------------------->  at pers.cmeu.common.CreateFileUtil.createAll(CreateFileUtil.java:258) 
 
2017-11-10 14:24:07 --> 执行生成serviceImpl...
---------------------->  at pers.cmeu.common.CreateFileUtil.createAll(CreateFileUtil.java:262) 
 
2017-11-10 14:24:07 --> 生成serviceImpl成功!
---------------------->  at pers.cmeu.common.CreateFileUtil.createAll(CreateFileUtil.java:283) 
 
2017-11-10 14:24:07 --> 创建所有文件成功!
---------------------->  at pers.cmeu.controller.IndexController.runCreate(IndexController.java:549) 
 
2017-11-10 14:24:50 --> 准备开始执行创建所有文件...
---------------------->  at pers.cmeu.controller.IndexController.runCreate(IndexController.java:468) 
 
2017-11-10 14:24:50 --> 获取表的主键...
---------------------->  at pers.cmeu.controller.IndexController.runCreate(IndexController.java:483) 
 
2017-11-10 14:24:50 --> 获取表的所有列...
---------------------->  at pers.cmeu.controller.IndexController.runCreate(IndexController.java:491) 
 
2017-11-10 14:24:50 --> 初始化创建工具...
---------------------->  at pers.cmeu.controller.IndexController.runCreate(IndexController.java:516) 
 
2017-11-10 14:24:50 --> 开始执行创建所有文件...
---------------------->  at pers.cmeu.controller.IndexController.runCreate(IndexController.java:542) 
 
2017-11-10 14:24:50 --> 执行获得表主键列对应的java数据类型...
---------------------->  at pers.cmeu.common.CreateFileUtil.createAll(CreateFileUtil.java:161) 
 
2017-11-10 14:24:50 --> 获得表主键列对应的java数据类型成功!
---------------------->  at pers.cmeu.common.CreateFileUtil.createAll(CreateFileUtil.java:163) 
 
2017-11-10 14:24:50 --> 执行生成实体类...
---------------------->  at pers.cmeu.common.CreateFileUtil.createAll(CreateFileUtil.java:174) 
 
2017-11-10 14:24:50 --> 生成实体类成功!
---------------------->  at pers.cmeu.common.CreateFileUtil.createAll(CreateFileUtil.java:196) 
 
2017-11-10 14:24:50 --> 执行生成dao
---------------------->  at pers.cmeu.common.CreateFileUtil.createAll(CreateFileUtil.java:200) 
 
2017-11-10 14:24:50 --> 生成dao成功!
---------------------->  at pers.cmeu.common.CreateFileUtil.createAll(CreateFileUtil.java:216) 
 
2017-11-10 14:24:50 --> 执行生成Mapper...
---------------------->  at pers.cmeu.common.CreateFileUtil.createAll(CreateFileUtil.java:220) 
 
2017-11-10 14:24:50 --> 生成Mapper成功!
---------------------->  at pers.cmeu.common.CreateFileUtil.createAll(CreateFileUtil.java:231) 
 
2017-11-10 14:24:50 --> 执行生成service...
---------------------->  at pers.cmeu.common.CreateFileUtil.createAll(CreateFileUtil.java:242) 
 
2017-11-10 14:24:50 --> 生成service成功!
---------------------->  at pers.cmeu.common.CreateFileUtil.createAll(CreateFileUtil.java:258) 
 
2017-11-10 14:24:50 --> 执行生成serviceImpl...
---------------------->  at pers.cmeu.common.CreateFileUtil.createAll(CreateFileUtil.java:262) 
 
2017-11-10 14:24:50 --> 生成serviceImpl成功!
---------------------->  at pers.cmeu.common.CreateFileUtil.createAll(CreateFileUtil.java:283) 
 
2017-11-10 14:24:50 --> 创建所有文件成功!
---------------------->  at pers.cmeu.controller.IndexController.runCreate(IndexController.java:549) 
 
2017-11-10 14:25:17 --> 关闭MyBatis-CMEU!!!
---------------------->  at pers.Main.main(Main.java:40) 
 
