2018-03-01 14:02:42 --> 运行MyBatis-CMEU...
---------------------->  at pers.Main.main(Main.java:38) 
 
2018-03-01 14:02:42 --> 初始化首页...
---------------------->  at pers.cmeu.controller.IndexController.initialize(IndexController.java:169) 
 
2018-03-01 14:02:42 --> 初始化首页成功!
---------------------->  at pers.cmeu.controller.IndexController.initialize(IndexController.java:194) 
 
2018-03-01 14:02:42 --> 加载左侧数据库树与事件....
---------------------->  at pers.cmeu.controller.IndexController.initialize(IndexController.java:195) 
 
2018-03-01 14:02:42 --> 加载所有数据库到左侧树集成功!
---------------------->  at pers.cmeu.controller.IndexController.initialize(IndexController.java:324) 
 
2018-03-01 14:02:42 --> 执行查询默认配置信息并加载到首页...
---------------------->  at pers.cmeu.controller.IndexController.initialize(IndexController.java:331) 
 
2018-03-01 14:02:42 --> 加载配置信息到首页成功!
---------------------->  at pers.cmeu.controller.IndexController.initialize(IndexController.java:333) 
 
2018-03-01 14:02:51 --> 加载所有表....
---------------------->  at pers.cmeu.controller.IndexController.lambda$null$6(IndexController.java:277) 
 
2018-03-01 14:02:52 --> 加载所有表成功!
---------------------->  at pers.cmeu.controller.IndexController.lambda$null$6(IndexController.java:295) 
 
2018-03-01 14:02:54 --> 将表的数据加载到数据面板...
---------------------->  at pers.cmeu.controller.IndexController.lambda$null$6(IndexController.java:304) 
 
2018-03-01 14:02:54 --> 将表的数据加载到数据面板成功!
---------------------->  at pers.cmeu.controller.IndexController.lambda$null$6(IndexController.java:314) 
 
2018-03-01 14:03:31 --> 关闭MyBatis-CMEU!!!
---------------------->  at pers.Main.main(Main.java:40) 
 
2018-03-01 14:36:07 --> 运行MyBatis-CMEU...
---------------------->  at pers.Main.main(Main.java:38) 
 
2018-03-01 14:36:07 --> 初始化首页...
---------------------->  at pers.cmeu.controller.IndexController.initialize(IndexController.java:169) 
 
2018-03-01 14:36:07 --> 初始化首页成功!
---------------------->  at pers.cmeu.controller.IndexController.initialize(IndexController.java:194) 
 
2018-03-01 14:36:07 --> 加载左侧数据库树与事件....
---------------------->  at pers.cmeu.controller.IndexController.initialize(IndexController.java:195) 
 
2018-03-01 14:36:08 --> 加载所有数据库到左侧树集成功!
---------------------->  at pers.cmeu.controller.IndexController.initialize(IndexController.java:324) 
 
2018-03-01 14:36:08 --> 执行查询默认配置信息并加载到首页...
---------------------->  at pers.cmeu.controller.IndexController.initialize(IndexController.java:331) 
 
2018-03-01 14:36:08 --> 加载配置信息到首页成功!
---------------------->  at pers.cmeu.controller.IndexController.initialize(IndexController.java:333) 
 
2018-03-01 14:37:38 --> 加载所有表....
---------------------->  at pers.cmeu.controller.IndexController.lambda$null$6(IndexController.java:277) 
 
2018-03-01 14:37:38 --> 加载所有表成功!
---------------------->  at pers.cmeu.controller.IndexController.lambda$null$6(IndexController.java:295) 
 
2018-03-01 14:37:39 --> 将表的数据加载到数据面板...
---------------------->  at pers.cmeu.controller.IndexController.lambda$null$6(IndexController.java:304) 
 
2018-03-01 14:37:39 --> 将表的数据加载到数据面板成功!
---------------------->  at pers.cmeu.controller.IndexController.lambda$null$6(IndexController.java:314) 
 
2018-03-01 14:47:35 --> 将表的数据加载到数据面板...
---------------------->  at pers.cmeu.controller.IndexController.lambda$null$6(IndexController.java:304) 
 
2018-03-01 14:47:35 --> 将表的数据加载到数据面板成功!
---------------------->  at pers.cmeu.controller.IndexController.lambda$null$6(IndexController.java:314) 
 
2018-03-01 14:47:41 --> 初始化配置信息窗口....
---------------------->  at pers.cmeu.controller.HistoryConfigController.initialize(HistoryConfigController.java:33) 
 
2018-03-01 14:47:41 --> 初始化配置信息窗口完成!
---------------------->  at pers.cmeu.controller.HistoryConfigController.initialize(HistoryConfigController.java:35) 
 
2018-03-01 14:47:41 --> 初始化配置信息表格...
---------------------->  at pers.cmeu.controller.HistoryConfigController.initTable(HistoryConfigController.java:43) 
 
2018-03-01 14:47:41 --> 初始化配置信息完成!
---------------------->  at pers.cmeu.controller.HistoryConfigController.initTable(HistoryConfigController.java:65) 
 
2018-03-01 14:47:45 --> 执行将配置信息加载到首页...
---------------------->  at pers.cmeu.controller.HistoryConfigController.lambda$getHistoryConfig$0(HistoryConfigController.java:88) 
 
2018-03-01 14:47:45 --> 将配置信息加载到首页成功!
---------------------->  at pers.cmeu.controller.HistoryConfigController.lambda$getHistoryConfig$0(HistoryConfigController.java:91) 
 
2018-03-01 14:47:47 --> 将表的数据加载到数据面板...
---------------------->  at pers.cmeu.controller.IndexController.lambda$null$6(IndexController.java:304) 
 
2018-03-01 14:47:47 --> 将表的数据加载到数据面板成功!
---------------------->  at pers.cmeu.controller.IndexController.lambda$null$6(IndexController.java:314) 
 
2018-03-01 14:47:48 --> 将表的数据加载到数据面板...
---------------------->  at pers.cmeu.controller.IndexController.lambda$null$6(IndexController.java:304) 
 
2018-03-01 14:47:48 --> 将表的数据加载到数据面板成功!
---------------------->  at pers.cmeu.controller.IndexController.lambda$null$6(IndexController.java:314) 
 
2018-03-01 14:47:54 --> 初始化配置信息窗口....
---------------------->  at pers.cmeu.controller.HistoryConfigController.initialize(HistoryConfigController.java:33) 
 
2018-03-01 14:47:54 --> 初始化配置信息窗口完成!
---------------------->  at pers.cmeu.controller.HistoryConfigController.initialize(HistoryConfigController.java:35) 
 
2018-03-01 14:47:54 --> 初始化配置信息表格...
---------------------->  at pers.cmeu.controller.HistoryConfigController.initTable(HistoryConfigController.java:43) 
 
2018-03-01 14:47:54 --> 初始化配置信息完成!
---------------------->  at pers.cmeu.controller.HistoryConfigController.initTable(HistoryConfigController.java:65) 
 
2018-03-01 14:47:58 --> 执行删除配置信息...
---------------------->  at pers.cmeu.controller.HistoryConfigController.lambda$getHistoryConfig$1(HistoryConfigController.java:102) 
 
2018-03-01 14:47:58 --> 执行删除配置完成!
---------------------->  at pers.cmeu.controller.HistoryConfigController.lambda$getHistoryConfig$1(HistoryConfigController.java:110) 
 
2018-03-01 14:48:04 --> 初始化数据库连接窗口....
---------------------->  at pers.cmeu.controller.ConnectionController.initialize(ConnectionController.java:47) 
 
2018-03-01 14:48:04 --> 初始化数据库连接成功!
---------------------->  at pers.cmeu.controller.ConnectionController.initialize(ConnectionController.java:52) 
 
2018-03-01 14:48:10 --> 关闭MyBatis-CMEU!!!
---------------------->  at pers.Main.main(Main.java:40) 
 
2018-03-01 15:02:16 --> 运行MyBatis-CMEU...
---------------------->  at pers.Main.main(Main.java:38) 
 
2018-03-01 15:02:16 --> 初始化首页...
---------------------->  at pers.cmeu.controller.IndexController.initialize(IndexController.java:169) 
 
2018-03-01 15:02:16 --> 初始化首页成功!
---------------------->  at pers.cmeu.controller.IndexController.initialize(IndexController.java:194) 
 
2018-03-01 15:02:16 --> 加载左侧数据库树与事件....
---------------------->  at pers.cmeu.controller.IndexController.initialize(IndexController.java:195) 
 
2018-03-01 15:02:16 --> 加载所有数据库到左侧树集成功!
---------------------->  at pers.cmeu.controller.IndexController.initialize(IndexController.java:324) 
 
2018-03-01 15:02:16 --> 执行查询默认配置信息并加载到首页...
---------------------->  at pers.cmeu.controller.IndexController.initialize(IndexController.java:331) 
 
2018-03-01 15:02:16 --> 加载配置信息到首页成功!
---------------------->  at pers.cmeu.controller.IndexController.initialize(IndexController.java:333) 
 
2018-03-01 15:02:18 --> 加载所有表....
---------------------->  at pers.cmeu.controller.IndexController.lambda$null$6(IndexController.java:277) 
 
2018-03-01 15:02:19 --> 加载所有表成功!
---------------------->  at pers.cmeu.controller.IndexController.lambda$null$6(IndexController.java:295) 
 
2018-03-01 15:02:19 --> 加载所有表....
---------------------->  at pers.cmeu.controller.IndexController.lambda$null$6(IndexController.java:277) 
 
2018-03-01 15:02:20 --> 加载所有表成功!
---------------------->  at pers.cmeu.controller.IndexController.lambda$null$6(IndexController.java:295) 
 
2018-03-01 15:02:20 --> 将表的数据加载到数据面板...
---------------------->  at pers.cmeu.controller.IndexController.lambda$null$6(IndexController.java:304) 
 
2018-03-01 15:02:20 --> 将表的数据加载到数据面板成功!
---------------------->  at pers.cmeu.controller.IndexController.lambda$null$6(IndexController.java:314) 
 
2018-03-01 15:02:25 --> 将表的数据加载到数据面板...
---------------------->  at pers.cmeu.controller.IndexController.lambda$null$6(IndexController.java:304) 
 
2018-03-01 15:02:25 --> 将表的数据加载到数据面板成功!
---------------------->  at pers.cmeu.controller.IndexController.lambda$null$6(IndexController.java:314) 
 
2018-03-01 15:02:26 --> 关闭MyBatis-CMEU!!!
---------------------->  at pers.Main.main(Main.java:40) 
 
2018-03-01 15:17:47 --> 运行MyBatis-CMEU...
---------------------->  at pers.Main.main(Main.java:38) 
 
2018-03-01 15:17:47 --> 初始化首页...
---------------------->  at pers.cmeu.controller.IndexController.initialize(IndexController.java:169) 
 
2018-03-01 15:17:47 --> 初始化首页成功!
---------------------->  at pers.cmeu.controller.IndexController.initialize(IndexController.java:194) 
 
2018-03-01 15:17:47 --> 加载左侧数据库树与事件....
---------------------->  at pers.cmeu.controller.IndexController.initialize(IndexController.java:195) 
 
2018-03-01 15:17:48 --> 加载所有数据库到左侧树集成功!
---------------------->  at pers.cmeu.controller.IndexController.initialize(IndexController.java:324) 
 
2018-03-01 15:17:48 --> 执行查询默认配置信息并加载到首页...
---------------------->  at pers.cmeu.controller.IndexController.initialize(IndexController.java:331) 
 
2018-03-01 15:17:48 --> 加载配置信息到首页成功!
---------------------->  at pers.cmeu.controller.IndexController.initialize(IndexController.java:333) 
 
2018-03-01 15:17:50 --> 加载所有表....
---------------------->  at pers.cmeu.controller.IndexController.lambda$null$6(IndexController.java:277) 
 
2018-03-01 15:17:50 --> 加载所有表成功!
---------------------->  at pers.cmeu.controller.IndexController.lambda$null$6(IndexController.java:295) 
 
2018-03-01 15:17:51 --> 将表的数据加载到数据面板...
---------------------->  at pers.cmeu.controller.IndexController.lambda$null$6(IndexController.java:304) 
 
2018-03-01 15:17:51 --> 将表的数据加载到数据面板成功!
---------------------->  at pers.cmeu.controller.IndexController.lambda$null$6(IndexController.java:314) 
 
2018-03-01 15:17:53 --> 将表的数据加载到数据面板...
---------------------->  at pers.cmeu.controller.IndexController.lambda$null$6(IndexController.java:304) 
 
2018-03-01 15:17:53 --> 将表的数据加载到数据面板成功!
---------------------->  at pers.cmeu.controller.IndexController.lambda$null$6(IndexController.java:314) 
 
2018-03-01 15:17:53 --> 将表的数据加载到数据面板...
---------------------->  at pers.cmeu.controller.IndexController.lambda$null$6(IndexController.java:304) 
 
2018-03-01 15:17:53 --> 将表的数据加载到数据面板成功!
---------------------->  at pers.cmeu.controller.IndexController.lambda$null$6(IndexController.java:314) 
 
2018-03-01 15:17:54 --> 将表的数据加载到数据面板...
---------------------->  at pers.cmeu.controller.IndexController.lambda$null$6(IndexController.java:304) 
 
2018-03-01 15:17:54 --> 将表的数据加载到数据面板成功!
---------------------->  at pers.cmeu.controller.IndexController.lambda$null$6(IndexController.java:314) 
 
2018-03-01 15:17:55 --> 将表的数据加载到数据面板...
---------------------->  at pers.cmeu.controller.IndexController.lambda$null$6(IndexController.java:304) 
 
2018-03-01 15:17:55 --> 将表的数据加载到数据面板成功!
---------------------->  at pers.cmeu.controller.IndexController.lambda$null$6(IndexController.java:314) 
 
2018-03-01 15:17:57 --> 关闭MyBatis-CMEU!!!
---------------------->  at pers.Main.main(Main.java:40) 
 
