2017-09-29 16:06:06 --> 运行MyBatis-CMEU...
---------------------->  at pers.Main.main(Main.java:38) 
 
2017-09-29 16:06:07 --> 初始化首页...
---------------------->  at pers.cmeu.controller.IndexController.initialize(IndexController.java:169) 
 
2017-09-29 16:06:07 --> 初始化首页成功!
---------------------->  at pers.cmeu.controller.IndexController.initialize(IndexController.java:194) 
 
2017-09-29 16:06:07 --> 加载左侧数据库树与事件....
---------------------->  at pers.cmeu.controller.IndexController.initialize(IndexController.java:195) 
 
2017-09-29 16:06:07 --> 加载所有数据库到左侧树集成功!
---------------------->  at pers.cmeu.controller.IndexController.initialize(IndexController.java:324) 
 
2017-09-29 16:06:07 --> 执行查询默认配置信息并加载到首页...
---------------------->  at pers.cmeu.controller.IndexController.initialize(IndexController.java:331) 
 
2017-09-29 16:06:07 --> 加载配置信息到首页成功!
---------------------->  at pers.cmeu.controller.IndexController.initialize(IndexController.java:333) 
 
2017-09-29 16:06:11 --> 加载所有表....
---------------------->  at pers.cmeu.controller.IndexController.lambda$3(IndexController.java:277) 
 
2017-09-29 16:06:11 --> 加载所有表成功!
---------------------->  at pers.cmeu.controller.IndexController.lambda$3(IndexController.java:295) 
 
2017-09-29 16:06:17 --> 加载所有表....
---------------------->  at pers.cmeu.controller.IndexController.lambda$3(IndexController.java:277) 
 
2017-09-29 16:06:17 --> 加载所有表成功!
---------------------->  at pers.cmeu.controller.IndexController.lambda$3(IndexController.java:295) 
 
2017-09-29 16:06:18 --> 初始化数据库连接窗口....
---------------------->  at pers.cmeu.controller.ConnectionController.initialize(ConnectionController.java:47) 
 
2017-09-29 16:06:18 --> 初始化数据库连接成功!
---------------------->  at pers.cmeu.controller.ConnectionController.initialize(ConnectionController.java:52) 
 
2017-09-29 16:06:54 --> 执行测试数据库连接...
---------------------->  at pers.cmeu.controller.ConnectionController.testConnection(ConnectionController.java:91) 
 
2017-09-29 16:06:54 --> 数据库测试连接成功!
---------------------->  at pers.cmeu.controller.ConnectionController.testConnection(ConnectionController.java:100) 
 
2017-09-29 16:06:56 --> 执行保存数据库连接...
---------------------->  at pers.cmeu.controller.ConnectionController.saveConnection(ConnectionController.java:60) 
 
2017-09-29 16:06:56 --> 保存数据库连接成功!
---------------------->  at pers.cmeu.controller.ConnectionController.saveConnection(ConnectionController.java:70) 
 
2017-09-29 16:06:59 --> 加载所有表....
---------------------->  at pers.cmeu.controller.IndexController.lambda$3(IndexController.java:277) 
 
2017-09-29 16:06:59 --> 加载所有表成功!
---------------------->  at pers.cmeu.controller.IndexController.lambda$3(IndexController.java:295) 
 
2017-09-29 16:07:04 --> 将表的数据加载到数据面板...
---------------------->  at pers.cmeu.controller.IndexController.lambda$3(IndexController.java:304) 
 
2017-09-29 16:07:04 --> 将表的数据加载到数据面板成功!
---------------------->  at pers.cmeu.controller.IndexController.lambda$3(IndexController.java:314) 
 
2017-09-29 16:07:28 --> 选择文件项目目录:C:\Users\Administrator\Desktop
---------------------->  at pers.cmeu.controller.IndexController.selectFile(IndexController.java:373) 
 
2017-09-29 16:07:30 --> 准备开始执行创建所有文件...
---------------------->  at pers.cmeu.controller.IndexController.runCreate(IndexController.java:468) 
 
2017-09-29 16:07:30 --> 获取表的主键...
---------------------->  at pers.cmeu.controller.IndexController.runCreate(IndexController.java:483) 
 
2017-09-29 16:07:30 --> 获取表的所有列...
---------------------->  at pers.cmeu.controller.IndexController.runCreate(IndexController.java:491) 
 
2017-09-29 16:07:31 --> 初始化创建工具...
---------------------->  at pers.cmeu.controller.IndexController.runCreate(IndexController.java:516) 
 
2017-09-29 16:07:31 --> 开始执行创建所有文件...
---------------------->  at pers.cmeu.controller.IndexController.runCreate(IndexController.java:542) 
 
2017-09-29 16:07:31 --> 执行创建实体类包!
---------------------->  at pers.cmeu.common.CreateFileUtil.createAll(CreateFileUtil.java:130) 
 
2017-09-29 16:07:31 --> 执行创建dao接口包!
---------------------->  at pers.cmeu.common.CreateFileUtil.createAll(CreateFileUtil.java:137) 
 
2017-09-29 16:07:31 --> 执行创建Service包!
---------------------->  at pers.cmeu.common.CreateFileUtil.createServiceDir(CreateFileUtil.java:348) 
 
2017-09-29 16:07:31 --> 执行创建ServiceImpl包!
---------------------->  at pers.cmeu.common.CreateFileUtil.createServiceDir(CreateFileUtil.java:354) 
 
2017-09-29 16:07:31 --> 执行获得表主键列对应的java数据类型...
---------------------->  at pers.cmeu.common.CreateFileUtil.createAll(CreateFileUtil.java:161) 
 
2017-09-29 16:07:31 --> 获得表主键列对应的java数据类型成功!
---------------------->  at pers.cmeu.common.CreateFileUtil.createAll(CreateFileUtil.java:163) 
 
2017-09-29 16:07:31 --> 执行生成实体类...
---------------------->  at pers.cmeu.common.CreateFileUtil.createAll(CreateFileUtil.java:174) 
 
2017-09-29 16:07:31 --> 生成实体类成功!
---------------------->  at pers.cmeu.common.CreateFileUtil.createAll(CreateFileUtil.java:196) 
 
2017-09-29 16:07:31 --> 执行生成dao
---------------------->  at pers.cmeu.common.CreateFileUtil.createAll(CreateFileUtil.java:200) 
 
2017-09-29 16:07:31 --> 生成dao成功!
---------------------->  at pers.cmeu.common.CreateFileUtil.createAll(CreateFileUtil.java:216) 
 
2017-09-29 16:07:31 --> 执行生成Mapper...
---------------------->  at pers.cmeu.common.CreateFileUtil.createAll(CreateFileUtil.java:220) 
 
2017-09-29 16:07:31 --> 生成Mapper成功!
---------------------->  at pers.cmeu.common.CreateFileUtil.createAll(CreateFileUtil.java:231) 
 
2017-09-29 16:07:31 --> 执行生成service...
---------------------->  at pers.cmeu.common.CreateFileUtil.createAll(CreateFileUtil.java:242) 
 
2017-09-29 16:07:31 --> 生成service成功!
---------------------->  at pers.cmeu.common.CreateFileUtil.createAll(CreateFileUtil.java:258) 
 
2017-09-29 16:07:31 --> 执行生成serviceImpl...
---------------------->  at pers.cmeu.common.CreateFileUtil.createAll(CreateFileUtil.java:262) 
 
2017-09-29 16:07:31 --> 生成serviceImpl成功!
---------------------->  at pers.cmeu.common.CreateFileUtil.createAll(CreateFileUtil.java:283) 
 
2017-09-29 16:07:31 --> 执行创建Assist包名!
---------------------->  at pers.cmeu.common.CreateFileUtil.createAll(CreateFileUtil.java:295) 
 
2017-09-29 16:07:31 --> 准备创建Assist帮助类...
---------------------->  at pers.cmeu.common.CreateFileUtil.createAssist(CreateFileUtil.java:366) 
 
2017-09-29 16:07:31 --> 读取Assist模板...
---------------------->  at pers.cmeu.common.CreateFileUtil.createAssist(CreateFileUtil.java:367) 
 
2017-09-29 16:07:31 --> 执行创建...
---------------------->  at pers.cmeu.common.CreateFileUtil.createAssist(CreateFileUtil.java:372) 
 
2017-09-29 16:07:31 --> Assist帮助类创建成功!
---------------------->  at pers.cmeu.common.CreateFileUtil.createAssist(CreateFileUtil.java:374) 
 
2017-09-29 16:07:31 --> 执行创建MyBatis帮助工具包名!
---------------------->  at pers.cmeu.common.CreateFileUtil.createAll(CreateFileUtil.java:325) 
 
2017-09-29 16:07:31 --> 准备创建MyBatis帮助工具...
---------------------->  at pers.cmeu.common.CreateFileUtil.createMyBatisUtil(CreateFileUtil.java:436) 
 
2017-09-29 16:07:31 --> 读取MyBatis帮助工具模板...
---------------------->  at pers.cmeu.common.CreateFileUtil.createMyBatisUtil(CreateFileUtil.java:437) 
 
2017-09-29 16:07:31 --> 执行创建...
---------------------->  at pers.cmeu.common.CreateFileUtil.createMyBatisUtil(CreateFileUtil.java:446) 
 
2017-09-29 16:07:31 --> MyBatis帮助工具创建成功!
---------------------->  at pers.cmeu.common.CreateFileUtil.createMyBatisUtil(CreateFileUtil.java:449) 
 
2017-09-29 16:07:31 --> 创建所有文件成功!
---------------------->  at pers.cmeu.controller.IndexController.runCreate(IndexController.java:549) 
 
2017-09-29 16:26:33 --> 初始化配置信息窗口....
---------------------->  at pers.cmeu.controller.HistoryConfigController.initialize(HistoryConfigController.java:33) 
 
2017-09-29 16:26:33 --> 初始化配置信息窗口完成!
---------------------->  at pers.cmeu.controller.HistoryConfigController.initialize(HistoryConfigController.java:35) 
 
2017-09-29 16:26:33 --> 初始化配置信息表格...
---------------------->  at pers.cmeu.controller.HistoryConfigController.initTable(HistoryConfigController.java:43) 
 
2017-09-29 16:26:33 --> 初始化配置信息完成!
---------------------->  at pers.cmeu.controller.HistoryConfigController.initTable(HistoryConfigController.java:65) 
 
2017-09-29 16:26:48 --> 执行保存配置文件...
---------------------->  at pers.cmeu.controller.IndexController.saveConfig(IndexController.java:437) 
 
2017-09-29 16:26:59 --> 关闭MyBatis-CMEU!!!
---------------------->  at pers.Main.main(Main.java:40) 
 
