2017-08-25 15:46:00 --> 运行MyBatis-CMEU...
---------------------->  at pers.Main.main(Main.java:38) 
 
2017-08-25 15:46:01 --> 初始化首页...
---------------------->  at pers.cmeu.controller.IndexController.initialize(IndexController.java:169) 
 
2017-08-25 15:46:01 --> 初始化首页成功!
---------------------->  at pers.cmeu.controller.IndexController.initialize(IndexController.java:194) 
 
2017-08-25 15:46:01 --> 加载左侧数据库树与事件....
---------------------->  at pers.cmeu.controller.IndexController.initialize(IndexController.java:195) 
 
2017-08-25 15:46:01 --> 加载所有数据库到左侧树集成功!
---------------------->  at pers.cmeu.controller.IndexController.initialize(IndexController.java:324) 
 
2017-08-25 15:46:01 --> 执行查询默认配置信息并加载到首页...
---------------------->  at pers.cmeu.controller.IndexController.initialize(IndexController.java:331) 
 
2017-08-25 15:46:01 --> 加载配置信息到首页成功!
---------------------->  at pers.cmeu.controller.IndexController.initialize(IndexController.java:333) 
 
2017-08-25 15:46:05 --> 初始化数据库连接窗口....
---------------------->  at pers.cmeu.controller.ConnectionController.initialize(ConnectionController.java:47) 
 
2017-08-25 15:46:05 --> 初始化数据库连接成功!
---------------------->  at pers.cmeu.controller.ConnectionController.initialize(ConnectionController.java:52) 
 
2017-08-25 15:46:40 --> 执行测试数据库连接...
---------------------->  at pers.cmeu.controller.ConnectionController.testConnection(ConnectionController.java:91) 
 
2017-08-25 15:46:40 --> 数据库测试连接成功!
---------------------->  at pers.cmeu.controller.ConnectionController.testConnection(ConnectionController.java:100) 
 
2017-08-25 15:46:43 --> 执行保存数据库连接...
---------------------->  at pers.cmeu.controller.ConnectionController.saveConnection(ConnectionController.java:60) 
 
2017-08-25 15:46:43 --> 保存数据库连接成功!
---------------------->  at pers.cmeu.controller.ConnectionController.saveConnection(ConnectionController.java:70) 
 
2017-08-25 15:46:44 --> 加载所有表....
---------------------->  at pers.cmeu.controller.IndexController.lambda$3(IndexController.java:277) 
 
2017-08-25 15:46:44 --> 加载所有表成功!
---------------------->  at pers.cmeu.controller.IndexController.lambda$3(IndexController.java:295) 
 
2017-08-25 15:46:52 --> 将表的数据加载到数据面板...
---------------------->  at pers.cmeu.controller.IndexController.lambda$3(IndexController.java:304) 
 
2017-08-25 15:46:52 --> 将表的数据加载到数据面板成功!
---------------------->  at pers.cmeu.controller.IndexController.lambda$3(IndexController.java:314) 
 
2017-08-25 15:46:59 --> 将表的数据加载到数据面板...
---------------------->  at pers.cmeu.controller.IndexController.lambda$3(IndexController.java:304) 
 
2017-08-25 15:46:59 --> 将表的数据加载到数据面板成功!
---------------------->  at pers.cmeu.controller.IndexController.lambda$3(IndexController.java:314) 
 
2017-08-25 15:47:01 --> 将表的数据加载到数据面板...
---------------------->  at pers.cmeu.controller.IndexController.lambda$3(IndexController.java:304) 
 
2017-08-25 15:47:01 --> 将表的数据加载到数据面板成功!
---------------------->  at pers.cmeu.controller.IndexController.lambda$3(IndexController.java:314) 
 
2017-08-25 15:47:22 --> 打开修改属性窗口...
---------------------->  at pers.cmeu.controller.IndexController.updateEntity(IndexController.java:410) 
 
2017-08-25 15:47:22 --> 初始化修改属性页...
---------------------->  at pers.cmeu.controller.SetAttributeController.init(SetAttributeController.java:111) 
 
2017-08-25 15:47:22 --> 执行获取表的主键列...
---------------------->  at pers.cmeu.controller.SetAttributeController.initTablePrimaryKey(SetAttributeController.java:186) 
 
2017-08-25 15:47:22 --> 获取表的主键列成功!
---------------------->  at pers.cmeu.controller.SetAttributeController.initTablePrimaryKey(SetAttributeController.java:190) 
 
2017-08-25 15:47:22 --> 获得表的所有列并初始化成类的属性...
---------------------->  at pers.cmeu.controller.SetAttributeController.init(SetAttributeController.java:122) 
 
2017-08-25 15:47:22 --> 获得表的所有列并初始化成类的属性成功!
---------------------->  at pers.cmeu.controller.SetAttributeController.init(SetAttributeController.java:135) 
 
2017-08-25 15:47:22 --> 初始化属性页成功!
---------------------->  at pers.cmeu.controller.SetAttributeController.init(SetAttributeController.java:167) 
 
2017-08-25 15:47:22 --> 打开修改属性窗口成功!
---------------------->  at pers.cmeu.controller.IndexController.updateEntity(IndexController.java:424) 
 
2017-08-25 15:47:45 --> 执行添加主键策略...
---------------------->  at pers.cmeu.controller.SetAttributeController.selectKey(SetAttributeController.java:261) 
 
2017-08-25 15:47:45 --> 添加主键策略成功!
---------------------->  at pers.cmeu.controller.SetAttributeController.selectKey(SetAttributeController.java:292) 
 
2017-08-25 15:47:51 --> 取消添加主键策略...
---------------------->  at pers.cmeu.controller.SetAttributeController.selectKey(SetAttributeController.java:263) 
 
2017-08-25 15:47:51 --> 取消添加主键策略成功!
---------------------->  at pers.cmeu.controller.SetAttributeController.selectKey(SetAttributeController.java:294) 
 
2017-08-25 15:47:59 --> 取消所有属性的修改...
---------------------->  at pers.cmeu.controller.SetAttributeController.cancel(SetAttributeController.java:371) 
 
2017-08-25 15:48:04 --> 执行保存配置文件...
---------------------->  at pers.cmeu.controller.IndexController.saveConfig(IndexController.java:437) 
 
2017-08-25 15:48:13 --> 选择文件项目目录:C:\Users\Administrator\Desktop
---------------------->  at pers.cmeu.controller.IndexController.selectFile(IndexController.java:373) 
 
2017-08-25 15:48:15 --> 准备开始执行创建所有文件...
---------------------->  at pers.cmeu.controller.IndexController.runCreate(IndexController.java:468) 
 
2017-08-25 15:48:15 --> 获取表的主键...
---------------------->  at pers.cmeu.controller.IndexController.runCreate(IndexController.java:483) 
 
2017-08-25 15:48:15 --> 获取表的所有列...
---------------------->  at pers.cmeu.controller.IndexController.runCreate(IndexController.java:491) 
 
2017-08-25 15:48:15 --> 初始化创建工具...
---------------------->  at pers.cmeu.controller.IndexController.runCreate(IndexController.java:516) 
 
2017-08-25 15:48:15 --> 开始执行创建所有文件...
---------------------->  at pers.cmeu.controller.IndexController.runCreate(IndexController.java:542) 
 
2017-08-25 15:48:15 --> 执行创建实体类包!
---------------------->  at pers.cmeu.common.CreateFileUtil.createAll(CreateFileUtil.java:130) 
 
2017-08-25 15:48:15 --> 执行创建dao接口包!
---------------------->  at pers.cmeu.common.CreateFileUtil.createAll(CreateFileUtil.java:137) 
 
2017-08-25 15:48:15 --> 执行创建Service包!
---------------------->  at pers.cmeu.common.CreateFileUtil.createServiceDir(CreateFileUtil.java:348) 
 
2017-08-25 15:48:15 --> 执行创建ServiceImpl包!
---------------------->  at pers.cmeu.common.CreateFileUtil.createServiceDir(CreateFileUtil.java:354) 
 
2017-08-25 15:48:15 --> 执行获得表主键列对应的java数据类型...
---------------------->  at pers.cmeu.common.CreateFileUtil.createAll(CreateFileUtil.java:161) 
 
2017-08-25 15:48:15 --> 获得表主键列对应的java数据类型成功!
---------------------->  at pers.cmeu.common.CreateFileUtil.createAll(CreateFileUtil.java:163) 
 
2017-08-25 15:48:15 --> 执行生成实体类...
---------------------->  at pers.cmeu.common.CreateFileUtil.createAll(CreateFileUtil.java:174) 
 
2017-08-25 15:48:15 --> 生成实体类成功!
---------------------->  at pers.cmeu.common.CreateFileUtil.createAll(CreateFileUtil.java:196) 
 
2017-08-25 15:48:15 --> 执行生成dao
---------------------->  at pers.cmeu.common.CreateFileUtil.createAll(CreateFileUtil.java:200) 
 
2017-08-25 15:48:15 --> 生成dao成功!
---------------------->  at pers.cmeu.common.CreateFileUtil.createAll(CreateFileUtil.java:216) 
 
2017-08-25 15:48:15 --> 执行生成Mapper...
---------------------->  at pers.cmeu.common.CreateFileUtil.createAll(CreateFileUtil.java:220) 
 
2017-08-25 15:48:15 --> 生成Mapper成功!
---------------------->  at pers.cmeu.common.CreateFileUtil.createAll(CreateFileUtil.java:231) 
 
2017-08-25 15:48:15 --> 执行生成service...
---------------------->  at pers.cmeu.common.CreateFileUtil.createAll(CreateFileUtil.java:242) 
 
2017-08-25 15:48:15 --> 生成service成功!
---------------------->  at pers.cmeu.common.CreateFileUtil.createAll(CreateFileUtil.java:258) 
 
2017-08-25 15:48:15 --> 执行生成serviceImpl...
---------------------->  at pers.cmeu.common.CreateFileUtil.createAll(CreateFileUtil.java:262) 
 
2017-08-25 15:48:15 --> 生成serviceImpl成功!
---------------------->  at pers.cmeu.common.CreateFileUtil.createAll(CreateFileUtil.java:283) 
 
2017-08-25 15:48:15 --> 执行创建Assist包名!
---------------------->  at pers.cmeu.common.CreateFileUtil.createAll(CreateFileUtil.java:295) 
 
2017-08-25 15:48:15 --> 准备创建Assist帮助类...
---------------------->  at pers.cmeu.common.CreateFileUtil.createAssist(CreateFileUtil.java:366) 
 
2017-08-25 15:48:15 --> 读取Assist模板...
---------------------->  at pers.cmeu.common.CreateFileUtil.createAssist(CreateFileUtil.java:367) 
 
2017-08-25 15:48:15 --> 执行创建...
---------------------->  at pers.cmeu.common.CreateFileUtil.createAssist(CreateFileUtil.java:372) 
 
2017-08-25 15:48:15 --> Assist帮助类创建成功!
---------------------->  at pers.cmeu.common.CreateFileUtil.createAssist(CreateFileUtil.java:374) 
 
2017-08-25 15:48:16 --> 创建所有文件成功!
---------------------->  at pers.cmeu.controller.IndexController.runCreate(IndexController.java:549) 
 
2017-08-25 15:52:08 --> 打开修改属性窗口...
---------------------->  at pers.cmeu.controller.IndexController.updateEntity(IndexController.java:410) 
 
2017-08-25 15:52:08 --> 初始化修改属性页...
---------------------->  at pers.cmeu.controller.SetAttributeController.init(SetAttributeController.java:111) 
 
2017-08-25 15:52:08 --> 执行获取表的主键列...
---------------------->  at pers.cmeu.controller.SetAttributeController.initTablePrimaryKey(SetAttributeController.java:186) 
 
2017-08-25 15:52:08 --> 获取表的主键列成功!
---------------------->  at pers.cmeu.controller.SetAttributeController.initTablePrimaryKey(SetAttributeController.java:190) 
 
2017-08-25 15:52:08 --> 获得表的所有列并初始化成类的属性...
---------------------->  at pers.cmeu.controller.SetAttributeController.init(SetAttributeController.java:122) 
 
2017-08-25 15:52:08 --> 获得表的所有列并初始化成类的属性成功!
---------------------->  at pers.cmeu.controller.SetAttributeController.init(SetAttributeController.java:135) 
 
2017-08-25 15:52:08 --> 初始化属性页成功!
---------------------->  at pers.cmeu.controller.SetAttributeController.init(SetAttributeController.java:167) 
 
2017-08-25 15:52:09 --> 打开修改属性窗口成功!
---------------------->  at pers.cmeu.controller.IndexController.updateEntity(IndexController.java:424) 
 
2017-08-25 15:52:39 --> 打开添加第二级添加新表作为属性窗口...
---------------------->  at pers.cmeu.controller.SetAttributeController.addProperty(SetAttributeController.java:324) 
 
2017-08-25 15:52:39 --> 初始化第二级新表属性窗口...
---------------------->  at pers.cmeu.controller.AddSonAttributeController.initialize(AddSonAttributeController.java:145) 
 
2017-08-25 15:52:39 --> 执行加载左侧所有表...
---------------------->  at pers.cmeu.controller.AddSonAttributeController.initListItem(AddSonAttributeController.java:162) 
 
2017-08-25 15:52:39 --> 加载左侧所有表成功!
---------------------->  at pers.cmeu.controller.AddSonAttributeController.initListItem(AddSonAttributeController.java:221) 
 
2017-08-25 15:52:39 --> 初始化第二级新表属性窗口成功!
---------------------->  at pers.cmeu.controller.AddSonAttributeController.initialize(AddSonAttributeController.java:154) 
 
2017-08-25 15:52:47 --> 取消添加第二级关系...
---------------------->  at pers.cmeu.controller.AddSonAttributeController.cancel(AddSonAttributeController.java:459) 
 
2017-08-25 15:52:49 --> 执行添加主键策略...
---------------------->  at pers.cmeu.controller.SetAttributeController.selectKey(SetAttributeController.java:261) 
 
2017-08-25 15:52:49 --> 添加主键策略成功!
---------------------->  at pers.cmeu.controller.SetAttributeController.selectKey(SetAttributeController.java:292) 
 
2017-08-25 15:52:50 --> 取消添加主键策略...
---------------------->  at pers.cmeu.controller.SetAttributeController.selectKey(SetAttributeController.java:263) 
 
2017-08-25 15:52:50 --> 取消添加主键策略成功!
---------------------->  at pers.cmeu.controller.SetAttributeController.selectKey(SetAttributeController.java:294) 
 
2017-08-25 15:52:51 --> 执行添加主键策略...
---------------------->  at pers.cmeu.controller.SetAttributeController.selectKey(SetAttributeController.java:261) 
 
2017-08-25 15:52:51 --> 添加主键策略成功!
---------------------->  at pers.cmeu.controller.SetAttributeController.selectKey(SetAttributeController.java:292) 
 
2017-08-25 15:52:51 --> 取消添加主键策略...
---------------------->  at pers.cmeu.controller.SetAttributeController.selectKey(SetAttributeController.java:263) 
 
2017-08-25 15:52:51 --> 取消添加主键策略成功!
---------------------->  at pers.cmeu.controller.SetAttributeController.selectKey(SetAttributeController.java:294) 
 
2017-08-25 15:53:10 --> 取消所有属性的修改...
---------------------->  at pers.cmeu.controller.SetAttributeController.cancel(SetAttributeController.java:371) 
 
2017-08-25 15:53:20 --> 将表的数据加载到数据面板...
---------------------->  at pers.cmeu.controller.IndexController.lambda$3(IndexController.java:304) 
 
2017-08-25 15:53:20 --> 将表的数据加载到数据面板成功!
---------------------->  at pers.cmeu.controller.IndexController.lambda$3(IndexController.java:314) 
 
2017-08-25 16:22:34 --> 将表的数据加载到数据面板...
---------------------->  at pers.cmeu.controller.IndexController.lambda$3(IndexController.java:304) 
 
2017-08-25 16:22:34 --> 将表的数据加载到数据面板成功!
---------------------->  at pers.cmeu.controller.IndexController.lambda$3(IndexController.java:314) 
 
2017-08-25 16:23:56 --> 准备开始执行创建所有文件...
---------------------->  at pers.cmeu.controller.IndexController.runCreate(IndexController.java:468) 
 
2017-08-25 16:23:56 --> 获取表的主键...
---------------------->  at pers.cmeu.controller.IndexController.runCreate(IndexController.java:483) 
 
2017-08-25 16:23:57 --> 获取表的所有列...
---------------------->  at pers.cmeu.controller.IndexController.runCreate(IndexController.java:491) 
 
2017-08-25 16:23:57 --> 初始化创建工具...
---------------------->  at pers.cmeu.controller.IndexController.runCreate(IndexController.java:516) 
 
2017-08-25 16:23:57 --> 开始执行创建所有文件...
---------------------->  at pers.cmeu.controller.IndexController.runCreate(IndexController.java:542) 
 
2017-08-25 16:23:57 --> 执行创建实体类包!
---------------------->  at pers.cmeu.common.CreateFileUtil.createAll(CreateFileUtil.java:130) 
 
2017-08-25 16:23:57 --> 执行创建dao接口包!
---------------------->  at pers.cmeu.common.CreateFileUtil.createAll(CreateFileUtil.java:137) 
 
2017-08-25 16:23:57 --> 执行创建Service包!
---------------------->  at pers.cmeu.common.CreateFileUtil.createServiceDir(CreateFileUtil.java:348) 
 
2017-08-25 16:23:57 --> 执行创建ServiceImpl包!
---------------------->  at pers.cmeu.common.CreateFileUtil.createServiceDir(CreateFileUtil.java:354) 
 
2017-08-25 16:23:57 --> 执行获得表主键列对应的java数据类型...
---------------------->  at pers.cmeu.common.CreateFileUtil.createAll(CreateFileUtil.java:161) 
 
2017-08-25 16:23:57 --> 获得表主键列对应的java数据类型成功!
---------------------->  at pers.cmeu.common.CreateFileUtil.createAll(CreateFileUtil.java:163) 
 
2017-08-25 16:23:57 --> 执行生成实体类...
---------------------->  at pers.cmeu.common.CreateFileUtil.createAll(CreateFileUtil.java:174) 
 
2017-08-25 16:23:57 --> 生成实体类成功!
---------------------->  at pers.cmeu.common.CreateFileUtil.createAll(CreateFileUtil.java:196) 
 
2017-08-25 16:23:57 --> 执行生成dao
---------------------->  at pers.cmeu.common.CreateFileUtil.createAll(CreateFileUtil.java:200) 
 
2017-08-25 16:23:57 --> 生成dao成功!
---------------------->  at pers.cmeu.common.CreateFileUtil.createAll(CreateFileUtil.java:216) 
 
2017-08-25 16:23:57 --> 执行生成Mapper...
---------------------->  at pers.cmeu.common.CreateFileUtil.createAll(CreateFileUtil.java:220) 
 
2017-08-25 16:23:57 --> 生成Mapper成功!
---------------------->  at pers.cmeu.common.CreateFileUtil.createAll(CreateFileUtil.java:231) 
 
2017-08-25 16:23:57 --> 执行生成service...
---------------------->  at pers.cmeu.common.CreateFileUtil.createAll(CreateFileUtil.java:242) 
 
2017-08-25 16:23:57 --> 生成service成功!
---------------------->  at pers.cmeu.common.CreateFileUtil.createAll(CreateFileUtil.java:258) 
 
2017-08-25 16:23:57 --> 执行生成serviceImpl...
---------------------->  at pers.cmeu.common.CreateFileUtil.createAll(CreateFileUtil.java:262) 
 
2017-08-25 16:23:57 --> 生成serviceImpl成功!
---------------------->  at pers.cmeu.common.CreateFileUtil.createAll(CreateFileUtil.java:283) 
 
2017-08-25 16:23:57 --> 执行创建Assist包名!
---------------------->  at pers.cmeu.common.CreateFileUtil.createAll(CreateFileUtil.java:295) 
 
2017-08-25 16:23:57 --> 准备创建Assist帮助类...
---------------------->  at pers.cmeu.common.CreateFileUtil.createAssist(CreateFileUtil.java:366) 
 
2017-08-25 16:23:57 --> 读取Assist模板...
---------------------->  at pers.cmeu.common.CreateFileUtil.createAssist(CreateFileUtil.java:367) 
 
2017-08-25 16:23:57 --> 执行创建...
---------------------->  at pers.cmeu.common.CreateFileUtil.createAssist(CreateFileUtil.java:372) 
 
2017-08-25 16:23:57 --> Assist帮助类创建成功!
---------------------->  at pers.cmeu.common.CreateFileUtil.createAssist(CreateFileUtil.java:374) 
 
2017-08-25 16:23:57 --> 创建所有文件成功!
---------------------->  at pers.cmeu.controller.IndexController.runCreate(IndexController.java:549) 
 
2017-08-25 16:24:34 --> 准备开始执行创建所有文件...
---------------------->  at pers.cmeu.controller.IndexController.runCreate(IndexController.java:468) 
 
2017-08-25 16:24:34 --> 获取表的主键...
---------------------->  at pers.cmeu.controller.IndexController.runCreate(IndexController.java:483) 
 
2017-08-25 16:24:34 --> 获取表的所有列...
---------------------->  at pers.cmeu.controller.IndexController.runCreate(IndexController.java:491) 
 
2017-08-25 16:24:34 --> 初始化创建工具...
---------------------->  at pers.cmeu.controller.IndexController.runCreate(IndexController.java:516) 
 
2017-08-25 16:24:34 --> 开始执行创建所有文件...
---------------------->  at pers.cmeu.controller.IndexController.runCreate(IndexController.java:542) 
 
2017-08-25 16:24:34 --> 执行创建实体类包!
---------------------->  at pers.cmeu.common.CreateFileUtil.createAll(CreateFileUtil.java:130) 
 
2017-08-25 16:24:34 --> 执行创建dao接口包!
---------------------->  at pers.cmeu.common.CreateFileUtil.createAll(CreateFileUtil.java:137) 
 
2017-08-25 16:24:34 --> 执行创建Service包!
---------------------->  at pers.cmeu.common.CreateFileUtil.createServiceDir(CreateFileUtil.java:348) 
 
2017-08-25 16:24:34 --> 执行创建ServiceImpl包!
---------------------->  at pers.cmeu.common.CreateFileUtil.createServiceDir(CreateFileUtil.java:354) 
 
2017-08-25 16:24:34 --> 执行获得表主键列对应的java数据类型...
---------------------->  at pers.cmeu.common.CreateFileUtil.createAll(CreateFileUtil.java:161) 
 
2017-08-25 16:24:34 --> 获得表主键列对应的java数据类型成功!
---------------------->  at pers.cmeu.common.CreateFileUtil.createAll(CreateFileUtil.java:163) 
 
2017-08-25 16:24:34 --> 执行生成实体类...
---------------------->  at pers.cmeu.common.CreateFileUtil.createAll(CreateFileUtil.java:174) 
 
2017-08-25 16:24:34 --> 生成实体类成功!
---------------------->  at pers.cmeu.common.CreateFileUtil.createAll(CreateFileUtil.java:196) 
 
2017-08-25 16:24:34 --> 执行生成dao
---------------------->  at pers.cmeu.common.CreateFileUtil.createAll(CreateFileUtil.java:200) 
 
2017-08-25 16:24:34 --> 生成dao成功!
---------------------->  at pers.cmeu.common.CreateFileUtil.createAll(CreateFileUtil.java:216) 
 
2017-08-25 16:24:34 --> 执行生成Mapper...
---------------------->  at pers.cmeu.common.CreateFileUtil.createAll(CreateFileUtil.java:220) 
 
2017-08-25 16:24:34 --> 生成Mapper成功!
---------------------->  at pers.cmeu.common.CreateFileUtil.createAll(CreateFileUtil.java:231) 
 
2017-08-25 16:24:34 --> 执行生成service...
---------------------->  at pers.cmeu.common.CreateFileUtil.createAll(CreateFileUtil.java:242) 
 
2017-08-25 16:24:34 --> 生成service成功!
---------------------->  at pers.cmeu.common.CreateFileUtil.createAll(CreateFileUtil.java:258) 
 
2017-08-25 16:24:34 --> 执行生成serviceImpl...
---------------------->  at pers.cmeu.common.CreateFileUtil.createAll(CreateFileUtil.java:262) 
 
2017-08-25 16:24:34 --> 生成serviceImpl成功!
---------------------->  at pers.cmeu.common.CreateFileUtil.createAll(CreateFileUtil.java:283) 
 
2017-08-25 16:24:34 --> 执行创建Assist包名!
---------------------->  at pers.cmeu.common.CreateFileUtil.createAll(CreateFileUtil.java:295) 
 
2017-08-25 16:24:34 --> 准备创建Assist帮助类...
---------------------->  at pers.cmeu.common.CreateFileUtil.createAssist(CreateFileUtil.java:366) 
 
2017-08-25 16:24:34 --> 读取Assist模板...
---------------------->  at pers.cmeu.common.CreateFileUtil.createAssist(CreateFileUtil.java:367) 
 
2017-08-25 16:24:34 --> 执行创建...
---------------------->  at pers.cmeu.common.CreateFileUtil.createAssist(CreateFileUtil.java:372) 
 
2017-08-25 16:24:34 --> Assist帮助类创建成功!
---------------------->  at pers.cmeu.common.CreateFileUtil.createAssist(CreateFileUtil.java:374) 
 
2017-08-25 16:24:34 --> 创建所有文件成功!
---------------------->  at pers.cmeu.controller.IndexController.runCreate(IndexController.java:549) 
 
2017-08-25 16:26:35 --> 初始化配置信息窗口....
---------------------->  at pers.cmeu.controller.HistoryConfigController.initialize(HistoryConfigController.java:33) 
 
2017-08-25 16:26:35 --> 初始化配置信息窗口完成!
---------------------->  at pers.cmeu.controller.HistoryConfigController.initialize(HistoryConfigController.java:35) 
 
2017-08-25 16:26:35 --> 初始化配置信息表格...
---------------------->  at pers.cmeu.controller.HistoryConfigController.initTable(HistoryConfigController.java:43) 
 
2017-08-25 16:26:35 --> 初始化配置信息完成!
---------------------->  at pers.cmeu.controller.HistoryConfigController.initTable(HistoryConfigController.java:65) 
 
2017-08-25 16:26:41 --> 初始化数据库连接窗口....
---------------------->  at pers.cmeu.controller.ConnectionController.initialize(ConnectionController.java:47) 
 
2017-08-25 16:26:41 --> 初始化数据库连接成功!
---------------------->  at pers.cmeu.controller.ConnectionController.initialize(ConnectionController.java:52) 
 
2017-08-25 16:27:28 --> 执行测试数据库连接...
---------------------->  at pers.cmeu.controller.ConnectionController.testConnection(ConnectionController.java:91) 
 
2017-08-25 16:27:28 --> 数据库测试连接成功!
---------------------->  at pers.cmeu.controller.ConnectionController.testConnection(ConnectionController.java:100) 
 
2017-08-25 16:27:30 --> 执行保存数据库连接...
---------------------->  at pers.cmeu.controller.ConnectionController.saveConnection(ConnectionController.java:60) 
 
2017-08-25 16:27:30 --> 保存数据库连接成功!
---------------------->  at pers.cmeu.controller.ConnectionController.saveConnection(ConnectionController.java:70) 
 
2017-08-25 16:27:32 --> 加载所有表....
---------------------->  at pers.cmeu.controller.IndexController.lambda$3(IndexController.java:277) 
 
2017-08-25 16:27:32 --> 加载所有表成功!
---------------------->  at pers.cmeu.controller.IndexController.lambda$3(IndexController.java:295) 
 
2017-08-25 16:27:47 --> 将表的数据加载到数据面板...
---------------------->  at pers.cmeu.controller.IndexController.lambda$3(IndexController.java:304) 
 
2017-08-25 16:27:47 --> 将表的数据加载到数据面板成功!
---------------------->  at pers.cmeu.controller.IndexController.lambda$3(IndexController.java:314) 
 
2017-08-25 16:27:49 --> 将表的数据加载到数据面板...
---------------------->  at pers.cmeu.controller.IndexController.lambda$3(IndexController.java:304) 
 
2017-08-25 16:27:49 --> 将表的数据加载到数据面板成功!
---------------------->  at pers.cmeu.controller.IndexController.lambda$3(IndexController.java:314) 
 
2017-08-25 16:27:50 --> 将表的数据加载到数据面板...
---------------------->  at pers.cmeu.controller.IndexController.lambda$3(IndexController.java:304) 
 
2017-08-25 16:27:50 --> 将表的数据加载到数据面板成功!
---------------------->  at pers.cmeu.controller.IndexController.lambda$3(IndexController.java:314) 
 
2017-08-25 18:34:40 --> 关闭MyBatis-CMEU!!!
---------------------->  at pers.Main.main(Main.java:40) 
 
